<?xml version="1.0" encoding="UTF-8"?>
<testsuite name="shop.core.PriceTest" tests="2" skipped="0" failures="1" errors="0" timestamp="2026-09-25T19:27:00.224Z" hostname="build-host" time="0.022">
  <properties/>
  <testcase name="addsTax()" classname="shop.core.PriceTest" time="0.012">
    <failure message="org.opentest4j.AssertionFailedError: tax should be 21% ==&gt; expected: &lt;121&gt; but was: &lt;120&gt;" type="org.opentest4j.AssertionFailedError">org.opentest4j.AssertionFailedError: tax should be 21% ==&gt; expected: &lt;121&gt; but was: &lt;120&gt;
	at org.junit.jupiter.api.AssertionFailureBuilder.build(AssertionFailureBuilder.java:151)
	at org.junit.jupiter.api.AssertionFailureBuilder.buildAndThrow(AssertionFailureBuilder.java:132)
	at org.junit.jupiter.api.AssertEquals.failNotEqual(AssertEquals.java:197)
	at org.junit.jupiter.api.AssertEquals.assertEquals(AssertEquals.java:150)
	at org.junit.jupiter.api.Assertions.assertEquals(Assertions.java:563)
	at shop.core.PriceTest.addsTax(PriceTest.java:6)
	at java.base/java.lang.reflect.Method.invoke(Method.java:580)
	at java.base/java.util.ArrayList.forEach(ArrayList.java:1597)
	at java.base/java.util.ArrayList.forEach(ArrayList.java:1597)
</failure>
  </testcase>
  <testcase name="rounds()" classname="shop.core.PriceTest" time="0.001"/>
  <system-out><![CDATA[]]></system-out>
  <system-err><![CDATA[]]></system-err>
</testsuite>
