<?xml version="1.0" encoding="UTF-8"?>
<testsuites name="jest tests" tests="3" failures="1" errors="0" time="0.105">
  <testsuite name="cart" errors="0" failures="1" skipped="1" timestamp="2026-09-25T19:23:38" time="0.081" tests="3">
    <testcase classname="cart adds items" name="cart adds items" time="0.001">
    </testcase>
    <testcase classname="cart applies coupon" name="cart applies coupon" time="0.002">
      <failure>Error: expect(received).toEqual(expected) // deep equality

- Expected  - 1
+ Received  + 1

  Object {
-   &quot;total&quot;: 100,
+   &quot;total&quot;: 90,
  }
    at Object.&lt;anonymous&gt; (/work/js/jt/cart.test.cjs:3:54)
    at Promise.then.completed (/work/js/node_modules/jest-circus/build/utils.js:298:28)
    at new Promise (&lt;anonymous&gt;)
    at callAsyncCircusFn (/work/js/node_modules/jest-circus/build/utils.js:231:10)
    at _callCircusTest (/work/js/node_modules/jest-circus/build/run.js:316:40)
    at processTicksAndRejections (node:internal/process/task_queues:103:5)
    at _runTest (/work/js/node_modules/jest-circus/build/run.js:252:3)
    at _runTestsForDescribeBlock (/work/js/node_modules/jest-circus/build/run.js:126:9)
    at _runTestsForDescribeBlock (/work/js/node_modules/jest-circus/build/run.js:121:9)
    at run (/work/js/node_modules/jest-circus/build/run.js:71:3)
    at runAndTransformResultsToJestFormat (/work/js/node_modules/jest-circus/build/legacy-code-todo-rewrite/jestAdapterInit.js:122:21)
    at jestAdapter (/work/js/node_modules/jest-circus/build/legacy-code-todo-rewrite/jestAdapter.js:79:19)
    at runTestInternal (/work/js/node_modules/jest-runner/build/runTest.js:367:16)
    at runTest (/work/js/node_modules/jest-runner/build/runTest.js:444:34)</failure>
    </testcase>
    <testcase classname="cart handles currency" name="cart handles currency" time="0">
      <skipped/>
    </testcase>
  </testsuite>
</testsuites>